Determining if the pthread_create exist failed with the following output:
Change Dir: /home/jbk/checkouts/AnalysisWork/ml_study/build/CMakeFiles/CMakeTmp

Run Build Command:"/usr/bin/gmake" "cmTC_35ad5/fast"
/usr/bin/gmake -f CMakeFiles/cmTC_35ad5.dir/build.make CMakeFiles/cmTC_35ad5.dir/build
gmake[1]: Entering directory `/home/jbk/checkouts/AnalysisWork/ml_study/build/CMakeFiles/CMakeTmp'
Building C object CMakeFiles/cmTC_35ad5.dir/CheckSymbolExists.c.o
/products/gcc/v4_9_3/Linux64bit+2.6-2.12/bin/gcc     -o CMakeFiles/cmTC_35ad5.dir/CheckSymbolExists.c.o   -c /home/jbk/checkouts/AnalysisWork/ml_study/build/CMakeFiles/CMakeTmp/CheckSymbolExists.c
Linking C executable cmTC_35ad5
/products/cmake/v3_5_1/Linux64bit+2.6-2.12/bin/cmake -E cmake_link_script CMakeFiles/cmTC_35ad5.dir/link.txt --verbose=1
/products/gcc/v4_9_3/Linux64bit+2.6-2.12/bin/gcc       CMakeFiles/cmTC_35ad5.dir/CheckSymbolExists.c.o  -o cmTC_35ad5 -rdynamic 
CMakeFiles/cmTC_35ad5.dir/CheckSymbolExists.c.o: In function `main':
CheckSymbolExists.c:(.text+0x16): undefined reference to `pthread_create'
collect2: error: ld returned 1 exit status
gmake[1]: *** [cmTC_35ad5] Error 1
gmake[1]: Leaving directory `/home/jbk/checkouts/AnalysisWork/ml_study/build/CMakeFiles/CMakeTmp'
gmake: *** [cmTC_35ad5/fast] Error 2

File /home/jbk/checkouts/AnalysisWork/ml_study/build/CMakeFiles/CMakeTmp/CheckSymbolExists.c:
/* */
#include <pthread.h>

int main(int argc, char** argv)
{
  (void)argv;
#ifndef pthread_create
  return ((int*)(&pthread_create))[argc];
#else
  (void)argc;
  return 0;
#endif
}

Determining if the function pthread_create exists in the pthreads failed with the following output:
Change Dir: /home/jbk/checkouts/AnalysisWork/ml_study/build/CMakeFiles/CMakeTmp

Run Build Command:"/usr/bin/gmake" "cmTC_00ab7/fast"
/usr/bin/gmake -f CMakeFiles/cmTC_00ab7.dir/build.make CMakeFiles/cmTC_00ab7.dir/build
gmake[1]: Entering directory `/home/jbk/checkouts/AnalysisWork/ml_study/build/CMakeFiles/CMakeTmp'
Building C object CMakeFiles/cmTC_00ab7.dir/CheckFunctionExists.c.o
/products/gcc/v4_9_3/Linux64bit+2.6-2.12/bin/gcc    -DCHECK_FUNCTION_EXISTS=pthread_create   -o CMakeFiles/cmTC_00ab7.dir/CheckFunctionExists.c.o   -c /products/cmake/v3_5_1/Linux64bit+2.6-2.12/share/cmake-3.5/Modules/CheckFunctionExists.c
Linking C executable cmTC_00ab7
/products/cmake/v3_5_1/Linux64bit+2.6-2.12/bin/cmake -E cmake_link_script CMakeFiles/cmTC_00ab7.dir/link.txt --verbose=1
/products/gcc/v4_9_3/Linux64bit+2.6-2.12/bin/gcc   -DCHECK_FUNCTION_EXISTS=pthread_create    CMakeFiles/cmTC_00ab7.dir/CheckFunctionExists.c.o  -o cmTC_00ab7 -rdynamic -lpthreads 
/usr/bin/ld: cannot find -lpthreads
collect2: error: ld returned 1 exit status
gmake[1]: *** [cmTC_00ab7] Error 1
gmake[1]: Leaving directory `/home/jbk/checkouts/AnalysisWork/ml_study/build/CMakeFiles/CMakeTmp'
gmake: *** [cmTC_00ab7/fast] Error 2


