The system is: Linux - 2.6.32-573.3.1.el6.x86_64 - x86_64
Compiling the C compiler identification source file "CMakeCCompilerId.c" succeeded.
Compiler: /products/gcc/v4_9_3/Linux64bit+2.6-2.12/bin/gcc 
Build flags: 
Id flags: 

The output was:
0


Compilation of the C compiler identification source "CMakeCCompilerId.c" produced "a.out"

The C compiler identification is GNU, found in "/home/jbk/docker/study/build/CMakeFiles/3.3.2/CompilerIdC/a.out"

Compiling the CXX compiler identification source file "CMakeCXXCompilerId.cpp" succeeded.
Compiler: /products/gcc/v4_9_3/Linux64bit+2.6-2.12/bin/g++ 
Build flags: 
Id flags: 

The output was:
0


Compilation of the CXX compiler identification source "CMakeCXXCompilerId.cpp" produced "a.out"

The CXX compiler identification is GNU, found in "/home/jbk/docker/study/build/CMakeFiles/3.3.2/CompilerIdCXX/a.out"

Determining if the C compiler works passed with the following output:
Change Dir: /home/jbk/docker/study/build/CMakeFiles/CMakeTmp

Run Build Command:"/usr/bin/gmake" "cmTC_6c62d/fast"
/usr/bin/gmake -f CMakeFiles/cmTC_6c62d.dir/build.make CMakeFiles/cmTC_6c62d.dir/build
gmake[1]: Entering directory `/home/jbk/docker/study/build/CMakeFiles/CMakeTmp'
Building C object CMakeFiles/cmTC_6c62d.dir/testCCompiler.c.o
/products/gcc/v4_9_3/Linux64bit+2.6-2.12/bin/gcc    -o CMakeFiles/cmTC_6c62d.dir/testCCompiler.c.o   -c /home/jbk/docker/study/build/CMakeFiles/CMakeTmp/testCCompiler.c
Linking C executable cmTC_6c62d
/products/cmake/v3_3_2/Linux64bit+2.6-2.12/bin/cmake -E cmake_link_script CMakeFiles/cmTC_6c62d.dir/link.txt --verbose=1
/products/gcc/v4_9_3/Linux64bit+2.6-2.12/bin/gcc       CMakeFiles/cmTC_6c62d.dir/testCCompiler.c.o  -o cmTC_6c62d -rdynamic 
gmake[1]: Leaving directory `/home/jbk/docker/study/build/CMakeFiles/CMakeTmp'


Detecting C compiler ABI info compiled with the following output:
Change Dir: /home/jbk/docker/study/build/CMakeFiles/CMakeTmp

Run Build Command:"/usr/bin/gmake" "cmTC_fe2d4/fast"
/usr/bin/gmake -f CMakeFiles/cmTC_fe2d4.dir/build.make CMakeFiles/cmTC_fe2d4.dir/build
gmake[1]: Entering directory `/home/jbk/docker/study/build/CMakeFiles/CMakeTmp'
Building C object CMakeFiles/cmTC_fe2d4.dir/CMakeCCompilerABI.c.o
/products/gcc/v4_9_3/Linux64bit+2.6-2.12/bin/gcc    -o CMakeFiles/cmTC_fe2d4.dir/CMakeCCompilerABI.c.o   -c /products/cmake/v3_3_2/Linux64bit+2.6-2.12/share/cmake-3.3/Modules/CMakeCCompilerABI.c
Linking C executable cmTC_fe2d4
/products/cmake/v3_3_2/Linux64bit+2.6-2.12/bin/cmake -E cmake_link_script CMakeFiles/cmTC_fe2d4.dir/link.txt --verbose=1
/products/gcc/v4_9_3/Linux64bit+2.6-2.12/bin/gcc      -v CMakeFiles/cmTC_fe2d4.dir/CMakeCCompilerABI.c.o  -o cmTC_fe2d4 -rdynamic  
Using built-in specs.
COLLECT_GCC=/products/gcc/v4_9_3/Linux64bit+2.6-2.12/bin/gcc
COLLECT_LTO_WRAPPER=/products/gcc/v4_9_3/Linux64bit+2.6-2.12/bin/../libexec/gcc/x86_64-unknown-linux-gnu/4.9.3/lto-wrapper
Target: x86_64-unknown-linux-gnu
Configured with: ./configure --prefix=/home/greenc/work/cet-is/test-products/gcc/v4_9_3/Linux64bit+2.6-2.12 --disable-libgcj --enable-threads=posix --enable-__cxa_atexit --enable-languages=c,c++,objc,obj-c++,fortran --with-system-zlib --enable-libstdcxx-time=yes --enable-stage1-checking --enable-checking=release --enable-lto --enable-plugin
Thread model: posix
gcc version 4.9.3 (GCC) 
COMPILER_PATH=/products/gcc/v4_9_3/Linux64bit+2.6-2.12/bin/../libexec/gcc/x86_64-unknown-linux-gnu/4.9.3/:/products/gcc/v4_9_3/Linux64bit+2.6-2.12/bin/../libexec/gcc/:/products/gcc/v4_9_3/Linux64bit+2.6-2.12/bin/
LIBRARY_PATH=/products/gcc/v4_9_3/Linux64bit+2.6-2.12/bin/../lib/gcc/x86_64-unknown-linux-gnu/4.9.3/:/products/gcc/v4_9_3/Linux64bit+2.6-2.12/bin/../lib/gcc/:/products/gcc/v4_9_3/Linux64bit+2.6-2.12/bin/../lib/gcc/x86_64-unknown-linux-gnu/4.9.3/../../../../lib64/:/lib/../lib64/:/usr/lib/../lib64/:/products/gcc/v4_9_3/Linux64bit+2.6-2.12/bin/../lib/gcc/x86_64-unknown-linux-gnu/4.9.3/../../../:/lib/:/usr/lib/
COLLECT_GCC_OPTIONS='-v' '-o' 'cmTC_fe2d4' '-rdynamic' '-mtune=generic' '-march=x86-64'
 /products/gcc/v4_9_3/Linux64bit+2.6-2.12/bin/../libexec/gcc/x86_64-unknown-linux-gnu/4.9.3/collect2 --eh-frame-hdr -m elf_x86_64 -export-dynamic -dynamic-linker /lib64/ld-linux-x86-64.so.2 -o cmTC_fe2d4 /usr/lib/../lib64/crt1.o /usr/lib/../lib64/crti.o /products/gcc/v4_9_3/Linux64bit+2.6-2.12/bin/../lib/gcc/x86_64-unknown-linux-gnu/4.9.3/crtbegin.o -L/products/gcc/v4_9_3/Linux64bit+2.6-2.12/bin/../lib/gcc/x86_64-unknown-linux-gnu/4.9.3 -L/products/gcc/v4_9_3/Linux64bit+2.6-2.12/bin/../lib/gcc -L/products/gcc/v4_9_3/Linux64bit+2.6-2.12/bin/../lib/gcc/x86_64-unknown-linux-gnu/4.9.3/../../../../lib64 -L/lib/../lib64 -L/usr/lib/../lib64 -L/products/gcc/v4_9_3/Linux64bit+2.6-2.12/bin/../lib/gcc/x86_64-unknown-linux-gnu/4.9.3/../../.. CMakeFiles/cmTC_fe2d4.dir/CMakeCCompilerABI.c.o -lgcc --as-needed -lgcc_s --no-as-needed -lc -lgcc --as-needed -lgcc_s --no-as-needed /products/gcc/v4_9_3/Linux64bit+2.6-2.12/bin/../lib/gcc/x86_64-unknown-linux-gnu/4.9.3/crtend.o /usr/lib/../lib64/crtn.o
gmake[1]: Leaving directory `/home/jbk/docker/study/build/CMakeFiles/CMakeTmp'


Parsed C implicit link information from above output:
  link line regex: [^( *|.*[/\])(ld|([^/\]+-)?ld|collect2)[^/\]*( |$)]
  ignore line: [Change Dir: /home/jbk/docker/study/build/CMakeFiles/CMakeTmp]
  ignore line: []
  ignore line: [Run Build Command:"/usr/bin/gmake" "cmTC_fe2d4/fast"]
  ignore line: [/usr/bin/gmake -f CMakeFiles/cmTC_fe2d4.dir/build.make CMakeFiles/cmTC_fe2d4.dir/build]
  ignore line: [gmake[1]: Entering directory `/home/jbk/docker/study/build/CMakeFiles/CMakeTmp']
  ignore line: [Building C object CMakeFiles/cmTC_fe2d4.dir/CMakeCCompilerABI.c.o]
  ignore line: [/products/gcc/v4_9_3/Linux64bit+2.6-2.12/bin/gcc    -o CMakeFiles/cmTC_fe2d4.dir/CMakeCCompilerABI.c.o   -c /products/cmake/v3_3_2/Linux64bit+2.6-2.12/share/cmake-3.3/Modules/CMakeCCompilerABI.c]
  ignore line: [Linking C executable cmTC_fe2d4]
  ignore line: [/products/cmake/v3_3_2/Linux64bit+2.6-2.12/bin/cmake -E cmake_link_script CMakeFiles/cmTC_fe2d4.dir/link.txt --verbose=1]
  ignore line: [/products/gcc/v4_9_3/Linux64bit+2.6-2.12/bin/gcc      -v CMakeFiles/cmTC_fe2d4.dir/CMakeCCompilerABI.c.o  -o cmTC_fe2d4 -rdynamic  ]
  ignore line: [Using built-in specs.]
  ignore line: [COLLECT_GCC=/products/gcc/v4_9_3/Linux64bit+2.6-2.12/bin/gcc]
  ignore line: [COLLECT_LTO_WRAPPER=/products/gcc/v4_9_3/Linux64bit+2.6-2.12/bin/../libexec/gcc/x86_64-unknown-linux-gnu/4.9.3/lto-wrapper]
  ignore line: [Target: x86_64-unknown-linux-gnu]
  ignore line: [Configured with: ./configure --prefix=/home/greenc/work/cet-is/test-products/gcc/v4_9_3/Linux64bit+2.6-2.12 --disable-libgcj --enable-threads=posix --enable-__cxa_atexit --enable-languages=c,c++,objc,obj-c++,fortran --with-system-zlib --enable-libstdcxx-time=yes --enable-stage1-checking --enable-checking=release --enable-lto --enable-plugin]
  ignore line: [Thread model: posix]
  ignore line: [gcc version 4.9.3 (GCC) ]
  ignore line: [COMPILER_PATH=/products/gcc/v4_9_3/Linux64bit+2.6-2.12/bin/../libexec/gcc/x86_64-unknown-linux-gnu/4.9.3/:/products/gcc/v4_9_3/Linux64bit+2.6-2.12/bin/../libexec/gcc/:/products/gcc/v4_9_3/Linux64bit+2.6-2.12/bin/]
  ignore line: [LIBRARY_PATH=/products/gcc/v4_9_3/Linux64bit+2.6-2.12/bin/../lib/gcc/x86_64-unknown-linux-gnu/4.9.3/:/products/gcc/v4_9_3/Linux64bit+2.6-2.12/bin/../lib/gcc/:/products/gcc/v4_9_3/Linux64bit+2.6-2.12/bin/../lib/gcc/x86_64-unknown-linux-gnu/4.9.3/../../../../lib64/:/lib/../lib64/:/usr/lib/../lib64/:/products/gcc/v4_9_3/Linux64bit+2.6-2.12/bin/../lib/gcc/x86_64-unknown-linux-gnu/4.9.3/../../../:/lib/:/usr/lib/]
  ignore line: [COLLECT_GCC_OPTIONS='-v' '-o' 'cmTC_fe2d4' '-rdynamic' '-mtune=generic' '-march=x86-64']
  link line: [ /products/gcc/v4_9_3/Linux64bit+2.6-2.12/bin/../libexec/gcc/x86_64-unknown-linux-gnu/4.9.3/collect2 --eh-frame-hdr -m elf_x86_64 -export-dynamic -dynamic-linker /lib64/ld-linux-x86-64.so.2 -o cmTC_fe2d4 /usr/lib/../lib64/crt1.o /usr/lib/../lib64/crti.o /products/gcc/v4_9_3/Linux64bit+2.6-2.12/bin/../lib/gcc/x86_64-unknown-linux-gnu/4.9.3/crtbegin.o -L/products/gcc/v4_9_3/Linux64bit+2.6-2.12/bin/../lib/gcc/x86_64-unknown-linux-gnu/4.9.3 -L/products/gcc/v4_9_3/Linux64bit+2.6-2.12/bin/../lib/gcc -L/products/gcc/v4_9_3/Linux64bit+2.6-2.12/bin/../lib/gcc/x86_64-unknown-linux-gnu/4.9.3/../../../../lib64 -L/lib/../lib64 -L/usr/lib/../lib64 -L/products/gcc/v4_9_3/Linux64bit+2.6-2.12/bin/../lib/gcc/x86_64-unknown-linux-gnu/4.9.3/../../.. CMakeFiles/cmTC_fe2d4.dir/CMakeCCompilerABI.c.o -lgcc --as-needed -lgcc_s --no-as-needed -lc -lgcc --as-needed -lgcc_s --no-as-needed /products/gcc/v4_9_3/Linux64bit+2.6-2.12/bin/../lib/gcc/x86_64-unknown-linux-gnu/4.9.3/crtend.o /usr/lib/../lib64/crtn.o]
    arg [/products/gcc/v4_9_3/Linux64bit+2.6-2.12/bin/../libexec/gcc/x86_64-unknown-linux-gnu/4.9.3/collect2] ==> ignore
    arg [--eh-frame-hdr] ==> ignore
    arg [-m] ==> ignore
    arg [elf_x86_64] ==> ignore
    arg [-export-dynamic] ==> ignore
    arg [-dynamic-linker] ==> ignore
    arg [/lib64/ld-linux-x86-64.so.2] ==> ignore
    arg [-o] ==> ignore
    arg [cmTC_fe2d4] ==> ignore
    arg [/usr/lib/../lib64/crt1.o] ==> ignore
    arg [/usr/lib/../lib64/crti.o] ==> ignore
    arg [/products/gcc/v4_9_3/Linux64bit+2.6-2.12/bin/../lib/gcc/x86_64-unknown-linux-gnu/4.9.3/crtbegin.o] ==> ignore
    arg [-L/products/gcc/v4_9_3/Linux64bit+2.6-2.12/bin/../lib/gcc/x86_64-unknown-linux-gnu/4.9.3] ==> dir [/products/gcc/v4_9_3/Linux64bit+2.6-2.12/bin/../lib/gcc/x86_64-unknown-linux-gnu/4.9.3]
    arg [-L/products/gcc/v4_9_3/Linux64bit+2.6-2.12/bin/../lib/gcc] ==> dir [/products/gcc/v4_9_3/Linux64bit+2.6-2.12/bin/../lib/gcc]
    arg [-L/products/gcc/v4_9_3/Linux64bit+2.6-2.12/bin/../lib/gcc/x86_64-unknown-linux-gnu/4.9.3/../../../../lib64] ==> dir [/products/gcc/v4_9_3/Linux64bit+2.6-2.12/bin/../lib/gcc/x86_64-unknown-linux-gnu/4.9.3/../../../../lib64]
    arg [-L/lib/../lib64] ==> dir [/lib/../lib64]
    arg [-L/usr/lib/../lib64] ==> dir [/usr/lib/../lib64]
    arg [-L/products/gcc/v4_9_3/Linux64bit+2.6-2.12/bin/../lib/gcc/x86_64-unknown-linux-gnu/4.9.3/../../..] ==> dir [/products/gcc/v4_9_3/Linux64bit+2.6-2.12/bin/../lib/gcc/x86_64-unknown-linux-gnu/4.9.3/../../..]
    arg [CMakeFiles/cmTC_fe2d4.dir/CMakeCCompilerABI.c.o] ==> ignore
    arg [-lgcc] ==> lib [gcc]
    arg [--as-needed] ==> ignore
    arg [-lgcc_s] ==> lib [gcc_s]
    arg [--no-as-needed] ==> ignore
    arg [-lc] ==> lib [c]
    arg [-lgcc] ==> lib [gcc]
    arg [--as-needed] ==> ignore
    arg [-lgcc_s] ==> lib [gcc_s]
    arg [--no-as-needed] ==> ignore
    arg [/products/gcc/v4_9_3/Linux64bit+2.6-2.12/bin/../lib/gcc/x86_64-unknown-linux-gnu/4.9.3/crtend.o] ==> ignore
    arg [/usr/lib/../lib64/crtn.o] ==> ignore
  remove lib [gcc]
  remove lib [gcc_s]
  remove lib [gcc]
  remove lib [gcc_s]
  collapse library dir [/products/gcc/v4_9_3/Linux64bit+2.6-2.12/bin/../lib/gcc/x86_64-unknown-linux-gnu/4.9.3] ==> [/products/gcc/v4_9_3/Linux64bit+2.6-2.12/lib/gcc/x86_64-unknown-linux-gnu/4.9.3]
  collapse library dir [/products/gcc/v4_9_3/Linux64bit+2.6-2.12/bin/../lib/gcc] ==> [/products/gcc/v4_9_3/Linux64bit+2.6-2.12/lib/gcc]
  collapse library dir [/products/gcc/v4_9_3/Linux64bit+2.6-2.12/bin/../lib/gcc/x86_64-unknown-linux-gnu/4.9.3/../../../../lib64] ==> [/products/gcc/v4_9_3/Linux64bit+2.6-2.12/lib64]
  collapse library dir [/lib/../lib64] ==> [/lib64]
  collapse library dir [/usr/lib/../lib64] ==> [/usr/lib64]
  collapse library dir [/products/gcc/v4_9_3/Linux64bit+2.6-2.12/bin/../lib/gcc/x86_64-unknown-linux-gnu/4.9.3/../../..] ==> [/products/gcc/v4_9_3/Linux64bit+2.6-2.12/lib]
  implicit libs: [c]
  implicit dirs: [/products/gcc/v4_9_3/Linux64bit+2.6-2.12/lib/gcc/x86_64-unknown-linux-gnu/4.9.3;/products/gcc/v4_9_3/Linux64bit+2.6-2.12/lib/gcc;/products/gcc/v4_9_3/Linux64bit+2.6-2.12/lib64;/lib64;/usr/lib64;/products/gcc/v4_9_3/Linux64bit+2.6-2.12/lib]
  implicit fwks: []




Detecting C [-std=c11] compiler features compiled with the following output:
Change Dir: /home/jbk/docker/study/build/CMakeFiles/CMakeTmp

Run Build Command:"/usr/bin/gmake" "cmTC_eaa6f/fast"
/usr/bin/gmake -f CMakeFiles/cmTC_eaa6f.dir/build.make CMakeFiles/cmTC_eaa6f.dir/build
gmake[1]: Entering directory `/home/jbk/docker/study/build/CMakeFiles/CMakeTmp'
Building C object CMakeFiles/cmTC_eaa6f.dir/feature_tests.c.o
/products/gcc/v4_9_3/Linux64bit+2.6-2.12/bin/gcc   -std=c11 -o CMakeFiles/cmTC_eaa6f.dir/feature_tests.c.o   -c /home/jbk/docker/study/build/CMakeFiles/feature_tests.c
Linking C executable cmTC_eaa6f
/products/cmake/v3_3_2/Linux64bit+2.6-2.12/bin/cmake -E cmake_link_script CMakeFiles/cmTC_eaa6f.dir/link.txt --verbose=1
/products/gcc/v4_9_3/Linux64bit+2.6-2.12/bin/gcc       CMakeFiles/cmTC_eaa6f.dir/feature_tests.c.o  -o cmTC_eaa6f -rdynamic 
gmake[1]: Leaving directory `/home/jbk/docker/study/build/CMakeFiles/CMakeTmp'


    Feature record: C_FEATURE:1c_function_prototypes
    Feature record: C_FEATURE:1c_restrict
    Feature record: C_FEATURE:1c_static_assert
    Feature record: C_FEATURE:1c_variadic_macros


Detecting C [-std=c99] compiler features compiled with the following output:
Change Dir: /home/jbk/docker/study/build/CMakeFiles/CMakeTmp

Run Build Command:"/usr/bin/gmake" "cmTC_9e9d0/fast"
/usr/bin/gmake -f CMakeFiles/cmTC_9e9d0.dir/build.make CMakeFiles/cmTC_9e9d0.dir/build
gmake[1]: Entering directory `/home/jbk/docker/study/build/CMakeFiles/CMakeTmp'
Building C object CMakeFiles/cmTC_9e9d0.dir/feature_tests.c.o
/products/gcc/v4_9_3/Linux64bit+2.6-2.12/bin/gcc   -std=c99 -o CMakeFiles/cmTC_9e9d0.dir/feature_tests.c.o   -c /home/jbk/docker/study/build/CMakeFiles/feature_tests.c
Linking C executable cmTC_9e9d0
/products/cmake/v3_3_2/Linux64bit+2.6-2.12/bin/cmake -E cmake_link_script CMakeFiles/cmTC_9e9d0.dir/link.txt --verbose=1
/products/gcc/v4_9_3/Linux64bit+2.6-2.12/bin/gcc       CMakeFiles/cmTC_9e9d0.dir/feature_tests.c.o  -o cmTC_9e9d0 -rdynamic 
gmake[1]: Leaving directory `/home/jbk/docker/study/build/CMakeFiles/CMakeTmp'


    Feature record: C_FEATURE:1c_function_prototypes
    Feature record: C_FEATURE:1c_restrict
    Feature record: C_FEATURE:0c_static_assert
    Feature record: C_FEATURE:1c_variadic_macros


Detecting C [-std=c90] compiler features compiled with the following output:
Change Dir: /home/jbk/docker/study/build/CMakeFiles/CMakeTmp

Run Build Command:"/usr/bin/gmake" "cmTC_2d8fb/fast"
/usr/bin/gmake -f CMakeFiles/cmTC_2d8fb.dir/build.make CMakeFiles/cmTC_2d8fb.dir/build
gmake[1]: Entering directory `/home/jbk/docker/study/build/CMakeFiles/CMakeTmp'
Building C object CMakeFiles/cmTC_2d8fb.dir/feature_tests.c.o
/products/gcc/v4_9_3/Linux64bit+2.6-2.12/bin/gcc   -std=c90 -o CMakeFiles/cmTC_2d8fb.dir/feature_tests.c.o   -c /home/jbk/docker/study/build/CMakeFiles/feature_tests.c
Linking C executable cmTC_2d8fb
/products/cmake/v3_3_2/Linux64bit+2.6-2.12/bin/cmake -E cmake_link_script CMakeFiles/cmTC_2d8fb.dir/link.txt --verbose=1
/products/gcc/v4_9_3/Linux64bit+2.6-2.12/bin/gcc       CMakeFiles/cmTC_2d8fb.dir/feature_tests.c.o  -o cmTC_2d8fb -rdynamic 
gmake[1]: Leaving directory `/home/jbk/docker/study/build/CMakeFiles/CMakeTmp'


    Feature record: C_FEATURE:1c_function_prototypes
    Feature record: C_FEATURE:0c_restrict
    Feature record: C_FEATURE:0c_static_assert
    Feature record: C_FEATURE:0c_variadic_macros
Determining if the CXX compiler works passed with the following output:
Change Dir: /home/jbk/docker/study/build/CMakeFiles/CMakeTmp

Run Build Command:"/usr/bin/gmake" "cmTC_f0c3d/fast"
/usr/bin/gmake -f CMakeFiles/cmTC_f0c3d.dir/build.make CMakeFiles/cmTC_f0c3d.dir/build
gmake[1]: Entering directory `/home/jbk/docker/study/build/CMakeFiles/CMakeTmp'
Building CXX object CMakeFiles/cmTC_f0c3d.dir/testCXXCompiler.cxx.o
/products/gcc/v4_9_3/Linux64bit+2.6-2.12/bin/g++     -o CMakeFiles/cmTC_f0c3d.dir/testCXXCompiler.cxx.o -c /home/jbk/docker/study/build/CMakeFiles/CMakeTmp/testCXXCompiler.cxx
Linking CXX executable cmTC_f0c3d
/products/cmake/v3_3_2/Linux64bit+2.6-2.12/bin/cmake -E cmake_link_script CMakeFiles/cmTC_f0c3d.dir/link.txt --verbose=1
/products/gcc/v4_9_3/Linux64bit+2.6-2.12/bin/g++        CMakeFiles/cmTC_f0c3d.dir/testCXXCompiler.cxx.o  -o cmTC_f0c3d -rdynamic 
gmake[1]: Leaving directory `/home/jbk/docker/study/build/CMakeFiles/CMakeTmp'


Detecting CXX compiler ABI info compiled with the following output:
Change Dir: /home/jbk/docker/study/build/CMakeFiles/CMakeTmp

Run Build Command:"/usr/bin/gmake" "cmTC_dbc0e/fast"
/usr/bin/gmake -f CMakeFiles/cmTC_dbc0e.dir/build.make CMakeFiles/cmTC_dbc0e.dir/build
gmake[1]: Entering directory `/home/jbk/docker/study/build/CMakeFiles/CMakeTmp'
Building CXX object CMakeFiles/cmTC_dbc0e.dir/CMakeCXXCompilerABI.cpp.o
/products/gcc/v4_9_3/Linux64bit+2.6-2.12/bin/g++     -o CMakeFiles/cmTC_dbc0e.dir/CMakeCXXCompilerABI.cpp.o -c /products/cmake/v3_3_2/Linux64bit+2.6-2.12/share/cmake-3.3/Modules/CMakeCXXCompilerABI.cpp
Linking CXX executable cmTC_dbc0e
/products/cmake/v3_3_2/Linux64bit+2.6-2.12/bin/cmake -E cmake_link_script CMakeFiles/cmTC_dbc0e.dir/link.txt --verbose=1
/products/gcc/v4_9_3/Linux64bit+2.6-2.12/bin/g++       -v CMakeFiles/cmTC_dbc0e.dir/CMakeCXXCompilerABI.cpp.o  -o cmTC_dbc0e -rdynamic  
Using built-in specs.
COLLECT_GCC=/products/gcc/v4_9_3/Linux64bit+2.6-2.12/bin/g++
COLLECT_LTO_WRAPPER=/products/gcc/v4_9_3/Linux64bit+2.6-2.12/bin/../libexec/gcc/x86_64-unknown-linux-gnu/4.9.3/lto-wrapper
Target: x86_64-unknown-linux-gnu
Configured with: ./configure --prefix=/home/greenc/work/cet-is/test-products/gcc/v4_9_3/Linux64bit+2.6-2.12 --disable-libgcj --enable-threads=posix --enable-__cxa_atexit --enable-languages=c,c++,objc,obj-c++,fortran --with-system-zlib --enable-libstdcxx-time=yes --enable-stage1-checking --enable-checking=release --enable-lto --enable-plugin
Thread model: posix
gcc version 4.9.3 (GCC) 
COMPILER_PATH=/products/gcc/v4_9_3/Linux64bit+2.6-2.12/bin/../libexec/gcc/x86_64-unknown-linux-gnu/4.9.3/:/products/gcc/v4_9_3/Linux64bit+2.6-2.12/bin/../libexec/gcc/:/products/gcc/v4_9_3/Linux64bit+2.6-2.12/bin/
LIBRARY_PATH=/products/gcc/v4_9_3/Linux64bit+2.6-2.12/bin/../lib/gcc/x86_64-unknown-linux-gnu/4.9.3/:/products/gcc/v4_9_3/Linux64bit+2.6-2.12/bin/../lib/gcc/:/products/gcc/v4_9_3/Linux64bit+2.6-2.12/bin/../lib/gcc/x86_64-unknown-linux-gnu/4.9.3/../../../../lib64/:/lib/../lib64/:/usr/lib/../lib64/:/products/gcc/v4_9_3/Linux64bit+2.6-2.12/bin/../lib/gcc/x86_64-unknown-linux-gnu/4.9.3/../../../:/lib/:/usr/lib/
COLLECT_GCC_OPTIONS='-v' '-o' 'cmTC_dbc0e' '-rdynamic' '-shared-libgcc' '-mtune=generic' '-march=x86-64'
 /products/gcc/v4_9_3/Linux64bit+2.6-2.12/bin/../libexec/gcc/x86_64-unknown-linux-gnu/4.9.3/collect2 --eh-frame-hdr -m elf_x86_64 -export-dynamic -dynamic-linker /lib64/ld-linux-x86-64.so.2 -o cmTC_dbc0e /usr/lib/../lib64/crt1.o /usr/lib/../lib64/crti.o /products/gcc/v4_9_3/Linux64bit+2.6-2.12/bin/../lib/gcc/x86_64-unknown-linux-gnu/4.9.3/crtbegin.o -L/products/gcc/v4_9_3/Linux64bit+2.6-2.12/bin/../lib/gcc/x86_64-unknown-linux-gnu/4.9.3 -L/products/gcc/v4_9_3/Linux64bit+2.6-2.12/bin/../lib/gcc -L/products/gcc/v4_9_3/Linux64bit+2.6-2.12/bin/../lib/gcc/x86_64-unknown-linux-gnu/4.9.3/../../../../lib64 -L/lib/../lib64 -L/usr/lib/../lib64 -L/products/gcc/v4_9_3/Linux64bit+2.6-2.12/bin/../lib/gcc/x86_64-unknown-linux-gnu/4.9.3/../../.. CMakeFiles/cmTC_dbc0e.dir/CMakeCXXCompilerABI.cpp.o -lstdc++ -lm -lgcc_s -lgcc -lc -lgcc_s -lgcc /products/gcc/v4_9_3/Linux64bit+2.6-2.12/bin/../lib/gcc/x86_64-unknown-linux-gnu/4.9.3/crtend.o /usr/lib/../lib64/crtn.o
gmake[1]: Leaving directory `/home/jbk/docker/study/build/CMakeFiles/CMakeTmp'


Parsed CXX implicit link information from above output:
  link line regex: [^( *|.*[/\])(ld|([^/\]+-)?ld|collect2)[^/\]*( |$)]
  ignore line: [Change Dir: /home/jbk/docker/study/build/CMakeFiles/CMakeTmp]
  ignore line: []
  ignore line: [Run Build Command:"/usr/bin/gmake" "cmTC_dbc0e/fast"]
  ignore line: [/usr/bin/gmake -f CMakeFiles/cmTC_dbc0e.dir/build.make CMakeFiles/cmTC_dbc0e.dir/build]
  ignore line: [gmake[1]: Entering directory `/home/jbk/docker/study/build/CMakeFiles/CMakeTmp']
  ignore line: [Building CXX object CMakeFiles/cmTC_dbc0e.dir/CMakeCXXCompilerABI.cpp.o]
  ignore line: [/products/gcc/v4_9_3/Linux64bit+2.6-2.12/bin/g++     -o CMakeFiles/cmTC_dbc0e.dir/CMakeCXXCompilerABI.cpp.o -c /products/cmake/v3_3_2/Linux64bit+2.6-2.12/share/cmake-3.3/Modules/CMakeCXXCompilerABI.cpp]
  ignore line: [Linking CXX executable cmTC_dbc0e]
  ignore line: [/products/cmake/v3_3_2/Linux64bit+2.6-2.12/bin/cmake -E cmake_link_script CMakeFiles/cmTC_dbc0e.dir/link.txt --verbose=1]
  ignore line: [/products/gcc/v4_9_3/Linux64bit+2.6-2.12/bin/g++       -v CMakeFiles/cmTC_dbc0e.dir/CMakeCXXCompilerABI.cpp.o  -o cmTC_dbc0e -rdynamic  ]
  ignore line: [Using built-in specs.]
  ignore line: [COLLECT_GCC=/products/gcc/v4_9_3/Linux64bit+2.6-2.12/bin/g++]
  ignore line: [COLLECT_LTO_WRAPPER=/products/gcc/v4_9_3/Linux64bit+2.6-2.12/bin/../libexec/gcc/x86_64-unknown-linux-gnu/4.9.3/lto-wrapper]
  ignore line: [Target: x86_64-unknown-linux-gnu]
  ignore line: [Configured with: ./configure --prefix=/home/greenc/work/cet-is/test-products/gcc/v4_9_3/Linux64bit+2.6-2.12 --disable-libgcj --enable-threads=posix --enable-__cxa_atexit --enable-languages=c,c++,objc,obj-c++,fortran --with-system-zlib --enable-libstdcxx-time=yes --enable-stage1-checking --enable-checking=release --enable-lto --enable-plugin]
  ignore line: [Thread model: posix]
  ignore line: [gcc version 4.9.3 (GCC) ]
  ignore line: [COMPILER_PATH=/products/gcc/v4_9_3/Linux64bit+2.6-2.12/bin/../libexec/gcc/x86_64-unknown-linux-gnu/4.9.3/:/products/gcc/v4_9_3/Linux64bit+2.6-2.12/bin/../libexec/gcc/:/products/gcc/v4_9_3/Linux64bit+2.6-2.12/bin/]
  ignore line: [LIBRARY_PATH=/products/gcc/v4_9_3/Linux64bit+2.6-2.12/bin/../lib/gcc/x86_64-unknown-linux-gnu/4.9.3/:/products/gcc/v4_9_3/Linux64bit+2.6-2.12/bin/../lib/gcc/:/products/gcc/v4_9_3/Linux64bit+2.6-2.12/bin/../lib/gcc/x86_64-unknown-linux-gnu/4.9.3/../../../../lib64/:/lib/../lib64/:/usr/lib/../lib64/:/products/gcc/v4_9_3/Linux64bit+2.6-2.12/bin/../lib/gcc/x86_64-unknown-linux-gnu/4.9.3/../../../:/lib/:/usr/lib/]
  ignore line: [COLLECT_GCC_OPTIONS='-v' '-o' 'cmTC_dbc0e' '-rdynamic' '-shared-libgcc' '-mtune=generic' '-march=x86-64']
  link line: [ /products/gcc/v4_9_3/Linux64bit+2.6-2.12/bin/../libexec/gcc/x86_64-unknown-linux-gnu/4.9.3/collect2 --eh-frame-hdr -m elf_x86_64 -export-dynamic -dynamic-linker /lib64/ld-linux-x86-64.so.2 -o cmTC_dbc0e /usr/lib/../lib64/crt1.o /usr/lib/../lib64/crti.o /products/gcc/v4_9_3/Linux64bit+2.6-2.12/bin/../lib/gcc/x86_64-unknown-linux-gnu/4.9.3/crtbegin.o -L/products/gcc/v4_9_3/Linux64bit+2.6-2.12/bin/../lib/gcc/x86_64-unknown-linux-gnu/4.9.3 -L/products/gcc/v4_9_3/Linux64bit+2.6-2.12/bin/../lib/gcc -L/products/gcc/v4_9_3/Linux64bit+2.6-2.12/bin/../lib/gcc/x86_64-unknown-linux-gnu/4.9.3/../../../../lib64 -L/lib/../lib64 -L/usr/lib/../lib64 -L/products/gcc/v4_9_3/Linux64bit+2.6-2.12/bin/../lib/gcc/x86_64-unknown-linux-gnu/4.9.3/../../.. CMakeFiles/cmTC_dbc0e.dir/CMakeCXXCompilerABI.cpp.o -lstdc++ -lm -lgcc_s -lgcc -lc -lgcc_s -lgcc /products/gcc/v4_9_3/Linux64bit+2.6-2.12/bin/../lib/gcc/x86_64-unknown-linux-gnu/4.9.3/crtend.o /usr/lib/../lib64/crtn.o]
    arg [/products/gcc/v4_9_3/Linux64bit+2.6-2.12/bin/../libexec/gcc/x86_64-unknown-linux-gnu/4.9.3/collect2] ==> ignore
    arg [--eh-frame-hdr] ==> ignore
    arg [-m] ==> ignore
    arg [elf_x86_64] ==> ignore
    arg [-export-dynamic] ==> ignore
    arg [-dynamic-linker] ==> ignore
    arg [/lib64/ld-linux-x86-64.so.2] ==> ignore
    arg [-o] ==> ignore
    arg [cmTC_dbc0e] ==> ignore
    arg [/usr/lib/../lib64/crt1.o] ==> ignore
    arg [/usr/lib/../lib64/crti.o] ==> ignore
    arg [/products/gcc/v4_9_3/Linux64bit+2.6-2.12/bin/../lib/gcc/x86_64-unknown-linux-gnu/4.9.3/crtbegin.o] ==> ignore
    arg [-L/products/gcc/v4_9_3/Linux64bit+2.6-2.12/bin/../lib/gcc/x86_64-unknown-linux-gnu/4.9.3] ==> dir [/products/gcc/v4_9_3/Linux64bit+2.6-2.12/bin/../lib/gcc/x86_64-unknown-linux-gnu/4.9.3]
    arg [-L/products/gcc/v4_9_3/Linux64bit+2.6-2.12/bin/../lib/gcc] ==> dir [/products/gcc/v4_9_3/Linux64bit+2.6-2.12/bin/../lib/gcc]
    arg [-L/products/gcc/v4_9_3/Linux64bit+2.6-2.12/bin/../lib/gcc/x86_64-unknown-linux-gnu/4.9.3/../../../../lib64] ==> dir [/products/gcc/v4_9_3/Linux64bit+2.6-2.12/bin/../lib/gcc/x86_64-unknown-linux-gnu/4.9.3/../../../../lib64]
    arg [-L/lib/../lib64] ==> dir [/lib/../lib64]
    arg [-L/usr/lib/../lib64] ==> dir [/usr/lib/../lib64]
    arg [-L/products/gcc/v4_9_3/Linux64bit+2.6-2.12/bin/../lib/gcc/x86_64-unknown-linux-gnu/4.9.3/../../..] ==> dir [/products/gcc/v4_9_3/Linux64bit+2.6-2.12/bin/../lib/gcc/x86_64-unknown-linux-gnu/4.9.3/../../..]
    arg [CMakeFiles/cmTC_dbc0e.dir/CMakeCXXCompilerABI.cpp.o] ==> ignore
    arg [-lstdc++] ==> lib [stdc++]
    arg [-lm] ==> lib [m]
    arg [-lgcc_s] ==> lib [gcc_s]
    arg [-lgcc] ==> lib [gcc]
    arg [-lc] ==> lib [c]
    arg [-lgcc_s] ==> lib [gcc_s]
    arg [-lgcc] ==> lib [gcc]
    arg [/products/gcc/v4_9_3/Linux64bit+2.6-2.12/bin/../lib/gcc/x86_64-unknown-linux-gnu/4.9.3/crtend.o] ==> ignore
    arg [/usr/lib/../lib64/crtn.o] ==> ignore
  remove lib [gcc_s]
  remove lib [gcc]
  remove lib [gcc_s]
  remove lib [gcc]
  collapse library dir [/products/gcc/v4_9_3/Linux64bit+2.6-2.12/bin/../lib/gcc/x86_64-unknown-linux-gnu/4.9.3] ==> [/products/gcc/v4_9_3/Linux64bit+2.6-2.12/lib/gcc/x86_64-unknown-linux-gnu/4.9.3]
  collapse library dir [/products/gcc/v4_9_3/Linux64bit+2.6-2.12/bin/../lib/gcc] ==> [/products/gcc/v4_9_3/Linux64bit+2.6-2.12/lib/gcc]
  collapse library dir [/products/gcc/v4_9_3/Linux64bit+2.6-2.12/bin/../lib/gcc/x86_64-unknown-linux-gnu/4.9.3/../../../../lib64] ==> [/products/gcc/v4_9_3/Linux64bit+2.6-2.12/lib64]
  collapse library dir [/lib/../lib64] ==> [/lib64]
  collapse library dir [/usr/lib/../lib64] ==> [/usr/lib64]
  collapse library dir [/products/gcc/v4_9_3/Linux64bit+2.6-2.12/bin/../lib/gcc/x86_64-unknown-linux-gnu/4.9.3/../../..] ==> [/products/gcc/v4_9_3/Linux64bit+2.6-2.12/lib]
  implicit libs: [stdc++;m;c]
  implicit dirs: [/products/gcc/v4_9_3/Linux64bit+2.6-2.12/lib/gcc/x86_64-unknown-linux-gnu/4.9.3;/products/gcc/v4_9_3/Linux64bit+2.6-2.12/lib/gcc;/products/gcc/v4_9_3/Linux64bit+2.6-2.12/lib64;/lib64;/usr/lib64;/products/gcc/v4_9_3/Linux64bit+2.6-2.12/lib]
  implicit fwks: []




Detecting CXX [-std=c++14] compiler features compiled with the following output:
Change Dir: /home/jbk/docker/study/build/CMakeFiles/CMakeTmp

Run Build Command:"/usr/bin/gmake" "cmTC_245ed/fast"
/usr/bin/gmake -f CMakeFiles/cmTC_245ed.dir/build.make CMakeFiles/cmTC_245ed.dir/build
gmake[1]: Entering directory `/home/jbk/docker/study/build/CMakeFiles/CMakeTmp'
Building CXX object CMakeFiles/cmTC_245ed.dir/feature_tests.cxx.o
/products/gcc/v4_9_3/Linux64bit+2.6-2.12/bin/g++    -std=c++14 -o CMakeFiles/cmTC_245ed.dir/feature_tests.cxx.o -c /home/jbk/docker/study/build/CMakeFiles/feature_tests.cxx
Linking CXX executable cmTC_245ed
/products/cmake/v3_3_2/Linux64bit+2.6-2.12/bin/cmake -E cmake_link_script CMakeFiles/cmTC_245ed.dir/link.txt --verbose=1
/products/gcc/v4_9_3/Linux64bit+2.6-2.12/bin/g++        CMakeFiles/cmTC_245ed.dir/feature_tests.cxx.o  -o cmTC_245ed -rdynamic 
gmake[1]: Leaving directory `/home/jbk/docker/study/build/CMakeFiles/CMakeTmp'


    Feature record: CXX_FEATURE:0cxx_aggregate_default_initializers
    Feature record: CXX_FEATURE:1cxx_alias_templates
    Feature record: CXX_FEATURE:1cxx_alignas
    Feature record: CXX_FEATURE:1cxx_alignof
    Feature record: CXX_FEATURE:1cxx_attributes
    Feature record: CXX_FEATURE:1cxx_attribute_deprecated
    Feature record: CXX_FEATURE:1cxx_auto_type
    Feature record: CXX_FEATURE:1cxx_binary_literals
    Feature record: CXX_FEATURE:1cxx_constexpr
    Feature record: CXX_FEATURE:1cxx_contextual_conversions
    Feature record: CXX_FEATURE:1cxx_decltype
    Feature record: CXX_FEATURE:1cxx_decltype_auto
    Feature record: CXX_FEATURE:1cxx_decltype_incomplete_return_types
    Feature record: CXX_FEATURE:1cxx_default_function_template_args
    Feature record: CXX_FEATURE:1cxx_defaulted_functions
    Feature record: CXX_FEATURE:1cxx_defaulted_move_initializers
    Feature record: CXX_FEATURE:1cxx_delegating_constructors
    Feature record: CXX_FEATURE:1cxx_deleted_functions
    Feature record: CXX_FEATURE:1cxx_digit_separators
    Feature record: CXX_FEATURE:1cxx_enum_forward_declarations
    Feature record: CXX_FEATURE:1cxx_explicit_conversions
    Feature record: CXX_FEATURE:1cxx_extended_friend_declarations
    Feature record: CXX_FEATURE:1cxx_extern_templates
    Feature record: CXX_FEATURE:1cxx_final
    Feature record: CXX_FEATURE:1cxx_func_identifier
    Feature record: CXX_FEATURE:1cxx_generalized_initializers
    Feature record: CXX_FEATURE:1cxx_generic_lambdas
    Feature record: CXX_FEATURE:1cxx_inheriting_constructors
    Feature record: CXX_FEATURE:1cxx_inline_namespaces
    Feature record: CXX_FEATURE:1cxx_lambdas
    Feature record: CXX_FEATURE:1cxx_lambda_init_captures
    Feature record: CXX_FEATURE:1cxx_local_type_template_args
    Feature record: CXX_FEATURE:1cxx_long_long_type
    Feature record: CXX_FEATURE:1cxx_noexcept
    Feature record: CXX_FEATURE:1cxx_nonstatic_member_init
    Feature record: CXX_FEATURE:1cxx_nullptr
    Feature record: CXX_FEATURE:1cxx_override
    Feature record: CXX_FEATURE:1cxx_range_for
    Feature record: CXX_FEATURE:1cxx_raw_string_literals
    Feature record: CXX_FEATURE:1cxx_reference_qualified_functions
    Feature record: CXX_FEATURE:0cxx_relaxed_constexpr
    Feature record: CXX_FEATURE:1cxx_return_type_deduction
    Feature record: CXX_FEATURE:1cxx_right_angle_brackets
    Feature record: CXX_FEATURE:1cxx_rvalue_references
    Feature record: CXX_FEATURE:1cxx_sizeof_member
    Feature record: CXX_FEATURE:1cxx_static_assert
    Feature record: CXX_FEATURE:1cxx_strong_enums
    Feature record: CXX_FEATURE:1cxx_template_template_parameters
    Feature record: CXX_FEATURE:1cxx_thread_local
    Feature record: CXX_FEATURE:1cxx_trailing_return_types
    Feature record: CXX_FEATURE:1cxx_unicode_literals
    Feature record: CXX_FEATURE:1cxx_uniform_initialization
    Feature record: CXX_FEATURE:1cxx_unrestricted_unions
    Feature record: CXX_FEATURE:1cxx_user_literals
    Feature record: CXX_FEATURE:0cxx_variable_templates
    Feature record: CXX_FEATURE:1cxx_variadic_macros
    Feature record: CXX_FEATURE:1cxx_variadic_templates


Detecting CXX [-std=c++11] compiler features compiled with the following output:
Change Dir: /home/jbk/docker/study/build/CMakeFiles/CMakeTmp

Run Build Command:"/usr/bin/gmake" "cmTC_9ce0f/fast"
/usr/bin/gmake -f CMakeFiles/cmTC_9ce0f.dir/build.make CMakeFiles/cmTC_9ce0f.dir/build
gmake[1]: Entering directory `/home/jbk/docker/study/build/CMakeFiles/CMakeTmp'
Building CXX object CMakeFiles/cmTC_9ce0f.dir/feature_tests.cxx.o
/products/gcc/v4_9_3/Linux64bit+2.6-2.12/bin/g++    -std=c++11 -o CMakeFiles/cmTC_9ce0f.dir/feature_tests.cxx.o -c /home/jbk/docker/study/build/CMakeFiles/feature_tests.cxx
Linking CXX executable cmTC_9ce0f
/products/cmake/v3_3_2/Linux64bit+2.6-2.12/bin/cmake -E cmake_link_script CMakeFiles/cmTC_9ce0f.dir/link.txt --verbose=1
/products/gcc/v4_9_3/Linux64bit+2.6-2.12/bin/g++        CMakeFiles/cmTC_9ce0f.dir/feature_tests.cxx.o  -o cmTC_9ce0f -rdynamic 
gmake[1]: Leaving directory `/home/jbk/docker/study/build/CMakeFiles/CMakeTmp'


    Feature record: CXX_FEATURE:0cxx_aggregate_default_initializers
    Feature record: CXX_FEATURE:1cxx_alias_templates
    Feature record: CXX_FEATURE:1cxx_alignas
    Feature record: CXX_FEATURE:1cxx_alignof
    Feature record: CXX_FEATURE:1cxx_attributes
    Feature record: CXX_FEATURE:0cxx_attribute_deprecated
    Feature record: CXX_FEATURE:1cxx_auto_type
    Feature record: CXX_FEATURE:0cxx_binary_literals
    Feature record: CXX_FEATURE:1cxx_constexpr
    Feature record: CXX_FEATURE:0cxx_contextual_conversions
    Feature record: CXX_FEATURE:1cxx_decltype
    Feature record: CXX_FEATURE:0cxx_decltype_auto
    Feature record: CXX_FEATURE:1cxx_decltype_incomplete_return_types
    Feature record: CXX_FEATURE:1cxx_default_function_template_args
    Feature record: CXX_FEATURE:1cxx_defaulted_functions
    Feature record: CXX_FEATURE:1cxx_defaulted_move_initializers
    Feature record: CXX_FEATURE:1cxx_delegating_constructors
    Feature record: CXX_FEATURE:1cxx_deleted_functions
    Feature record: CXX_FEATURE:0cxx_digit_separators
    Feature record: CXX_FEATURE:1cxx_enum_forward_declarations
    Feature record: CXX_FEATURE:1cxx_explicit_conversions
    Feature record: CXX_FEATURE:1cxx_extended_friend_declarations
    Feature record: CXX_FEATURE:1cxx_extern_templates
    Feature record: CXX_FEATURE:1cxx_final
    Feature record: CXX_FEATURE:1cxx_func_identifier
    Feature record: CXX_FEATURE:1cxx_generalized_initializers
    Feature record: CXX_FEATURE:0cxx_generic_lambdas
    Feature record: CXX_FEATURE:1cxx_inheriting_constructors
    Feature record: CXX_FEATURE:1cxx_inline_namespaces
    Feature record: CXX_FEATURE:1cxx_lambdas
    Feature record: CXX_FEATURE:0cxx_lambda_init_captures
    Feature record: CXX_FEATURE:1cxx_local_type_template_args
    Feature record: CXX_FEATURE:1cxx_long_long_type
    Feature record: CXX_FEATURE:1cxx_noexcept
    Feature record: CXX_FEATURE:1cxx_nonstatic_member_init
    Feature record: CXX_FEATURE:1cxx_nullptr
    Feature record: CXX_FEATURE:1cxx_override
    Feature record: CXX_FEATURE:1cxx_range_for
    Feature record: CXX_FEATURE:1cxx_raw_string_literals
    Feature record: CXX_FEATURE:1cxx_reference_qualified_functions
    Feature record: CXX_FEATURE:0cxx_relaxed_constexpr
    Feature record: CXX_FEATURE:0cxx_return_type_deduction
    Feature record: CXX_FEATURE:1cxx_right_angle_brackets
    Feature record: CXX_FEATURE:1cxx_rvalue_references
    Feature record: CXX_FEATURE:1cxx_sizeof_member
    Feature record: CXX_FEATURE:1cxx_static_assert
    Feature record: CXX_FEATURE:1cxx_strong_enums
    Feature record: CXX_FEATURE:1cxx_template_template_parameters
    Feature record: CXX_FEATURE:1cxx_thread_local
    Feature record: CXX_FEATURE:1cxx_trailing_return_types
    Feature record: CXX_FEATURE:1cxx_unicode_literals
    Feature record: CXX_FEATURE:1cxx_uniform_initialization
    Feature record: CXX_FEATURE:1cxx_unrestricted_unions
    Feature record: CXX_FEATURE:1cxx_user_literals
    Feature record: CXX_FEATURE:0cxx_variable_templates
    Feature record: CXX_FEATURE:1cxx_variadic_macros
    Feature record: CXX_FEATURE:1cxx_variadic_templates


Detecting CXX [-std=c++98] compiler features compiled with the following output:
Change Dir: /home/jbk/docker/study/build/CMakeFiles/CMakeTmp

Run Build Command:"/usr/bin/gmake" "cmTC_465d8/fast"
/usr/bin/gmake -f CMakeFiles/cmTC_465d8.dir/build.make CMakeFiles/cmTC_465d8.dir/build
gmake[1]: Entering directory `/home/jbk/docker/study/build/CMakeFiles/CMakeTmp'
Building CXX object CMakeFiles/cmTC_465d8.dir/feature_tests.cxx.o
/products/gcc/v4_9_3/Linux64bit+2.6-2.12/bin/g++    -std=c++98 -o CMakeFiles/cmTC_465d8.dir/feature_tests.cxx.o -c /home/jbk/docker/study/build/CMakeFiles/feature_tests.cxx
Linking CXX executable cmTC_465d8
/products/cmake/v3_3_2/Linux64bit+2.6-2.12/bin/cmake -E cmake_link_script CMakeFiles/cmTC_465d8.dir/link.txt --verbose=1
/products/gcc/v4_9_3/Linux64bit+2.6-2.12/bin/g++        CMakeFiles/cmTC_465d8.dir/feature_tests.cxx.o  -o cmTC_465d8 -rdynamic 
gmake[1]: Leaving directory `/home/jbk/docker/study/build/CMakeFiles/CMakeTmp'


    Feature record: CXX_FEATURE:0cxx_aggregate_default_initializers
    Feature record: CXX_FEATURE:0cxx_alias_templates
    Feature record: CXX_FEATURE:0cxx_alignas
    Feature record: CXX_FEATURE:0cxx_alignof
    Feature record: CXX_FEATURE:0cxx_attributes
    Feature record: CXX_FEATURE:0cxx_attribute_deprecated
    Feature record: CXX_FEATURE:0cxx_auto_type
    Feature record: CXX_FEATURE:0cxx_binary_literals
    Feature record: CXX_FEATURE:0cxx_constexpr
    Feature record: CXX_FEATURE:0cxx_contextual_conversions
    Feature record: CXX_FEATURE:0cxx_decltype
    Feature record: CXX_FEATURE:0cxx_decltype_auto
    Feature record: CXX_FEATURE:0cxx_decltype_incomplete_return_types
    Feature record: CXX_FEATURE:0cxx_default_function_template_args
    Feature record: CXX_FEATURE:0cxx_defaulted_functions
    Feature record: CXX_FEATURE:0cxx_defaulted_move_initializers
    Feature record: CXX_FEATURE:0cxx_delegating_constructors
    Feature record: CXX_FEATURE:0cxx_deleted_functions
    Feature record: CXX_FEATURE:0cxx_digit_separators
    Feature record: CXX_FEATURE:0cxx_enum_forward_declarations
    Feature record: CXX_FEATURE:0cxx_explicit_conversions
    Feature record: CXX_FEATURE:0cxx_extended_friend_declarations
    Feature record: CXX_FEATURE:0cxx_extern_templates
    Feature record: CXX_FEATURE:0cxx_final
    Feature record: CXX_FEATURE:0cxx_func_identifier
    Feature record: CXX_FEATURE:0cxx_generalized_initializers
    Feature record: CXX_FEATURE:0cxx_generic_lambdas
    Feature record: CXX_FEATURE:0cxx_inheriting_constructors
    Feature record: CXX_FEATURE:0cxx_inline_namespaces
    Feature record: CXX_FEATURE:0cxx_lambdas
    Feature record: CXX_FEATURE:0cxx_lambda_init_captures
    Feature record: CXX_FEATURE:0cxx_local_type_template_args
    Feature record: CXX_FEATURE:0cxx_long_long_type
    Feature record: CXX_FEATURE:0cxx_noexcept
    Feature record: CXX_FEATURE:0cxx_nonstatic_member_init
    Feature record: CXX_FEATURE:0cxx_nullptr
    Feature record: CXX_FEATURE:0cxx_override
    Feature record: CXX_FEATURE:0cxx_range_for
    Feature record: CXX_FEATURE:0cxx_raw_string_literals
    Feature record: CXX_FEATURE:0cxx_reference_qualified_functions
    Feature record: CXX_FEATURE:0cxx_relaxed_constexpr
    Feature record: CXX_FEATURE:0cxx_return_type_deduction
    Feature record: CXX_FEATURE:0cxx_right_angle_brackets
    Feature record: CXX_FEATURE:0cxx_rvalue_references
    Feature record: CXX_FEATURE:0cxx_sizeof_member
    Feature record: CXX_FEATURE:0cxx_static_assert
    Feature record: CXX_FEATURE:0cxx_strong_enums
    Feature record: CXX_FEATURE:1cxx_template_template_parameters
    Feature record: CXX_FEATURE:0cxx_thread_local
    Feature record: CXX_FEATURE:0cxx_trailing_return_types
    Feature record: CXX_FEATURE:0cxx_unicode_literals
    Feature record: CXX_FEATURE:0cxx_uniform_initialization
    Feature record: CXX_FEATURE:0cxx_unrestricted_unions
    Feature record: CXX_FEATURE:0cxx_user_literals
    Feature record: CXX_FEATURE:0cxx_variable_templates
    Feature record: CXX_FEATURE:0cxx_variadic_macros
    Feature record: CXX_FEATURE:0cxx_variadic_templates
